nov. 11, 2020 6:17:50 P. M. ejer1 <init>
INFORMACIÓN: Se ha conectado el usuario: erw
nov. 11, 2020 6:18:00 P. M. ejer1 <init>
INFORMACIÓN: El cliente quiere leer el fichero: ee.txt
nov. 11, 2020 6:18:00 P. M. ejer1 mostrar_fichero
ADVERTENCIA: 	El fichero solicitado no existe
nov. 11, 2020 6:18:20 P. M. ejer1 <init>
INFORMACIÓN: Se ha conectado el usuario: wwwwwwwwwwwwwwwwwwwwwwwwwwwwwwww
nov. 11, 2020 6:20:29 P. M. ejer1 <init>
INFORMACIÓN: Se ha conectado el usuario: eider
nov. 11, 2020 6:20:37 P. M. ejer1 <init>
INFORMACIÓN: El cliente quiere leer el fichero: log_actividad.log
nov. 11, 2020 6:20:37 P. M. ejer1 mostrar_fichero
INFORMACIÓN: 	El fichero se ha visualizado correctamente
nov. 11, 2020 6:21:29 P. M. ejer1 <init>
INFORMACIÓN: Se ha conectado el usuario: rtwtwt
nov. 11, 2020 7:58:04 P. M. ejer1 <init>
INFORMACIÓN: Se ha conectado el usuario: 11qq
nov. 11, 2020 7:58:29 P. M. ejer1 <init>
INFORMACIÓN: El cliente quiere leer el fichero: log_actividad.log
nov. 11, 2020 7:58:29 P. M. ejer1 mostrar_fichero
INFORMACIÓN: 	El fichero se ha visualizado correctamente
nov. 11, 2020 7:59:02 P. M. ejer1 <init>
INFORMACIÓN: Se ha conectado el usuario: 2qw
nov. 11, 2020 7:59:09 P. M. ejer1 <init>
INFORMACIÓN: El cliente quiere leer el fichero: ghh.txt
nov. 11, 2020 7:59:09 P. M. ejer1 mostrar_fichero
ADVERTENCIA: 	El fichero solicitado no existe
nov. 11, 2020 7:59:26 P. M. ejer1 <init>
INFORMACIÓN: Se ha conectado el usuario: q
nov. 11, 2020 7:59:34 P. M. ejer1 <init>
INFORMACIÓN: El cliente quiere leer el fichero: log_actividad.log
nov. 11, 2020 7:59:34 P. M. ejer1 mostrar_fichero
INFORMACIÓN: 	El fichero se ha visualizado correctamente
nov. 11, 2020 8:07:55 P. M. ejer1 <init>
INFORMACIÓN: Se ha conectado el usuario: ede
nov. 11, 2020 8:08:04 P. M. ejer1 <init>
INFORMACIÓN: El cliente quiere leer el fichero: tt.txt
nov. 11, 2020 8:08:04 P. M. ejer1 mostrar_fichero
ADVERTENCIA: 	El fichero solicitado no existe
nov. 11, 2020 8:08:23 P. M. ejer1 <init>
INFORMACIÓN: Se ha conectado el usuario: hhh
nov. 11, 2020 8:08:33 P. M. ejer1 <init>
INFORMACIÓN: El cliente quiere leer el fichero: log_actividad.log
nov. 11, 2020 8:08:33 P. M. ejer1 mostrar_fichero
INFORMACIÓN: 	El fichero se ha visualizado correctamente
nov. 11, 2020 8:11:17 P. M. ejer1 <init>
INFORMACIÓN: Se ha conectado el usuario: 777y
nov. 11, 2020 8:12:27 P. M. ejer1 <init>
INFORMACIÓN: Se ha conectado el usuario: yyyyyyyyyy
nov. 11, 2020 8:40:03 P. M. ejer1 <init>
INFORMACIÓN: Se ha conectado el usuario: eider
nov. 11, 2020 9:04:07 P. M. ejer1 <init>
INFORMACIÓN: Se ha conectado el usuario: ssss
nov. 11, 2020 9:04:18 P. M. ejer1 <init>
INFORMACIÓN: El cliente quiere leer el fichero: log_actividad.log
nov. 11, 2020 9:04:18 P. M. ejer1 mostrar_fichero
INFORMACIÓN: 	El fichero se ha visualizado correctamente
nov. 21, 2021 11:57:01 A. M. ejer1 <init>
INFO: Se ha conectado el usuario: trtr
nov. 21, 2021 11:57:19 A. M. ejer1 <init>
INFO: El cliente quiere leer el fichero: log_actividad.log
nov. 21, 2021 11:57:19 A. M. ejer1 mostrar_fichero
INFO: 	El fichero se ha visualizado correctamente
nov. 21, 2021 11:58:32 A. M. ejer1 <init>
INFO: Se ha conectado el usuario: eider
nov. 21, 2021 11:58:49 A. M. ejer1 <init>
INFO: El cliente quiere leer el fichero: log_actividad.log
nov. 21, 2021 11:58:49 A. M. ejer1 mostrar_fichero
INFO: 	El fichero se ha visualizado correctamente
nov. 15, 2022 4:39:08 P. M. ejer1 <init>
INFO: Se ha conectado el usuario: vhvh
nov. 15, 2022 4:42:39 P. M. ejer1 <init>
INFO: Se ha conectado el usuario: wewew
nov. 15, 2022 4:42:43 P. M. ejer1 <init>
INFO: El cliente quiere leer el fichero: fggfg
nov. 15, 2022 4:42:43 P. M. ejer1 mostrar_fichero
WARNING: 	El fichero solicitado no existe
nov. 15, 2022 6:50:33 P. M. ejer1 <init>
INFO: Se ha conectado el usuario: hhhhh@gmail.com
nov. 15, 2022 6:50:39 P. M. ejer1 <init>
INFO: El cliente quiere leer el fichero: lolo.log
nov. 15, 2022 6:50:39 P. M. ejer1 mostrar_fichero
WARNING: 	El fichero solicitado no existe
nov. 15, 2022 6:56:43 P. M. ejer1 <init>
INFO: Se ha conectado el usuario: ear@gmail.com
nov. 15, 2022 6:56:51 P. M. ejer1 <init>
INFO: El cliente quiere leer el fichero: MyLog.log
nov. 15, 2022 6:56:51 P. M. ejer1 mostrar_fichero
WARNING: 	El fichero solicitado no existe
nov. 15, 2022 7:00:08 P. M. ejer1 <init>
INFO: Se ha conectado el usuario: earfrg@gmail.com
nov. 15, 2022 7:00:17 P. M. ejer1 <init>
INFO: El cliente quiere leer el fichero: log_actividad.log
nov. 15, 2022 7:00:17 P. M. ejer1 mostrar_fichero
INFO: 	El fichero se ha visualizado correctamente
nov. 16, 2022 9:13:53 P. M. ejer1 <init>
INFO: Se ha conectado el usuario: ffff@gmail.com
nov. 16, 2022 9:14:27 P. M. ejer1 <init>
INFO: El cliente quiere leer el fichero: log_actividad.log
nov. 16, 2022 9:14:27 P. M. ejer1 mostrar_fichero
INFO: 	El fichero se ha visualizado correctamente
nov. 16, 2022 9:15:39 P. M. ejer1 <init>
INFO: Se ha conectado el usuario: fasdf@gmail.com
nov. 16, 2022 9:15:41 P. M. ejer1 <init>
INFO: El cliente quiere leer el fichero: afgagfhhh
nov. 16, 2022 9:15:41 P. M. ejer1 mostrar_fichero
WARNING: 	El fichero solicitado no existe
nov. 16, 2022 9:22:36 P. M. ejer1 <init>
INFO: Se ha conectado el usuario: afad@gmail.com
nov. 16, 2022 9:22:53 P. M. ejer1 <init>
INFO: El cliente quiere leer el fichero: dgfdg
nov. 16, 2022 9:22:53 P. M. ejer1 mostrar_fichero
WARNING: 	El fichero solicitado no existe
nov. 16, 2022 9:23:34 P. M. ejer1 <init>
INFO: Se ha conectado el usuario: ee@gmail.com
nov. 16, 2022 9:30:22 P. M. ejer1 <init>
INFO: Se ha conectado el usuario: ssss@gmail.com
nov. 16, 2022 9:32:49 P. M. ejer1 <init>
INFO: Se ha conectado el usuario: sfasdf@gggg
nov. 16, 2022 9:34:34 P. M. ejer1 <init>
INFO: El cliente quiere leer el fichero: log_actividad.log
nov. 16, 2022 9:34:34 P. M. ejer1 mostrar_fichero
INFO: 	El fichero se ha visualizado correctamente
nov. 16, 2022 9:43:44 P. M. ejer1 <init>
INFO: Se ha conectado el usuario: asg@fff
nov. 16, 2022 9:43:53 P. M. ejer1 <init>
INFO: El cliente quiere leer el fichero: log_actividad.log
nov. 16, 2022 9:43:53 P. M. ejer1 mostrar_fichero
INFO: 	El fichero se ha visualizado correctamente
